<?xml version="1.0" encoding="UTF-8"?>
<!-- Generated by org.testng.reporters.JUnitReportReporter -->
<testsuite hostname="DESKTOP-89LQPP6" failures="0" tests="4" name="DataProviderDemo.DataProviderTestCase" time="23.514" errors="0" timestamp="2024-01-13T11:37:03 IST" skipped="0">
  <testcase classname="DataProviderDemo.DataProviderTestCase" name="login" time="6.022"/>
  <testcase classname="DataProviderDemo.DataProviderTestCase" name="login" time="6.598"/>
  <testcase classname="DataProviderDemo.DataProviderTestCase" name="login" time="5.583"/>
  <testcase classname="DataProviderDemo.DataProviderTestCase" name="login" time="5.311"/>
</testsuite> <!-- DataProviderDemo.DataProviderTestCase -->
