<?xml version="1.0" encoding="UTF-8"?>
<!-- Generated by org.testng.reporters.JUnitReportReporter -->
<testsuite hostname="DESKTOP-89LQPP6" failures="0" tests="4" name="TestNGDemo.LoginDemo" time="22.467" errors="0" timestamp="2023-12-14T12:07:15 IST" skipped="0">
  <testcase classname="TestNGDemo.LoginDemo" name="openURL" time="14.942"/>
  <testcase classname="TestNGDemo.LoginDemo" name="login" time="6.979"/>
  <testcase classname="TestNGDemo.LoginDemo" name="Validation" time="0.018"/>
  <testcase classname="TestNGDemo.LoginDemo" name="exitApp" time="0.528"/>
</testsuite> <!-- TestNGDemo.LoginDemo -->
