<?xml version="1.0" encoding="UTF-8"?>
<!-- Generated by org.testng.reporters.JUnitReportReporter -->
<testsuite hostname="DESKTOP-89LQPP6" failures="0" tests="7" name="BlazeDemoTestCase.TestCase_001" time="10.866" errors="0" timestamp="2024-01-03T16:51:15 IST" skipped="0">
  <testcase classname="BlazeDemoTestCase.TestCase_001" name="getValues" time="0.141"/>
  <testcase classname="BlazeDemoTestCase.TestCase_001" name="setValues" time="2.331"/>
  <testcase classname="BlazeDemoTestCase.TestCase_001" name="clickFindFlights" time="0.628"/>
  <testcase classname="BlazeDemoTestCase.TestCase_001" name="findCheapFlights" time="3.136"/>
  <testcase classname="BlazeDemoTestCase.TestCase_001" name="validate" time="0.019"/>
  <testcase classname="BlazeDemoTestCase.TestCase_001" name="enterData" time="2.539"/>
  <testcase classname="BlazeDemoTestCase.TestCase_001" name="validateMessage" time="2.072"/>
</testsuite> <!-- BlazeDemoTestCase.TestCase_001 -->
