<?xml version="1.0" encoding="UTF-8"?>
<!-- Generated by org.testng.reporters.JUnitReportReporter -->
<testsuite hostname="DESKTOP-89LQPP6" failures="0" tests="3" name="AmazonAutomationDemo.AmazonTestCase_001" time="12.801" errors="0" timestamp="2024-01-30T16:35:39 IST" skipped="0">
  <testcase classname="AmazonAutomationDemo.AmazonTestCase_001" name="signIn" time="5.119"/>
  <testcase classname="AmazonAutomationDemo.AmazonTestCase_001" name="login" time="4.592"/>
  <testcase classname="AmazonAutomationDemo.AmazonTestCase_001" name="validation" time="3.090"/>
</testsuite> <!-- AmazonAutomationDemo.AmazonTestCase_001 -->
